<?xml version="1.0" encoding="UTF-8"?>
<!-- Generated by org.testng.reporters.JUnitReportReporter -->
<testsuite hostname="DESKTOP-2FLLKU8" failures="0" tests="1" name="com.surya.automation.fp.businessscripts.Inst_Test" time="10.263" errors="0" timestamp="30 Apr 2021 04:38:42 GMT">
  <testcase classname="com.surya.automation.fp.businessscripts.Inst_Test" name="instTest" time="10.263"/>
</testsuite> <!-- com.surya.automation.fp.businessscripts.Inst_Test -->
